<?xml version="1.0" encoding="UTF-8"?>
<!-- Generated by org.testng.reporters.JUnitReportReporter -->
<testsuite hostname="LAPTOP-IKEOPR74" failures="0" tests="2" name="tests.TestExtentReport" time="0.025" errors="0" timestamp="2022-04-28T21:33:35 IST" skipped="0">
  <testcase classname="tests.TestExtentReport" name="test2" time="0.005"/>
  <system-out/>
  <testcase classname="tests.TestExtentReport" name="test1" time="0.020"/>
  <system-out/>
</testsuite> <!-- tests.TestExtentReport -->
