<?xml version="1.0" encoding="UTF-8"?>
<!-- Generated by org.testng.reporters.JUnitReportReporter -->
<testsuite hostname="LAPTOP-IKEOPR74" failures="0" tests="2" name="tests.TestExtentReport" time="0.010" errors="0" timestamp="2022-04-24T19:30:01 IST" skipped="0">
  <testcase classname="tests.TestExtentReport" name="test2" time="0.003"/>
  <system-out/>
  <testcase classname="tests.TestExtentReport" name="test1" time="0.007"/>
  <system-out/>
</testsuite> <!-- tests.TestExtentReport -->
