<?xml version="1.0" encoding="UTF-8"?>
<!-- Generated by org.testng.reporters.JUnitReportReporter -->
<testsuite hostname="LAPTOP-IKEOPR74" failures="0" tests="1" name="tests.Test_Registration" time="3.415" errors="0" timestamp="2022-04-17T23:46:15 IST" skipped="0">
  <testcase classname="tests.Test_Registration" name="test1" time="3.415"/>
  <system-out/>
</testsuite> <!-- tests.Test_Registration -->
