<?xml version="1.0" encoding="UTF-8"?>
<!-- Generated by org.testng.reporters.JUnitReportReporter -->
<testsuite hostname="LAPTOP-IKEOPR74" failures="0" tests="3" name="tests.TestExtentReport" time="0.012" errors="0" timestamp="2022-05-08T21:55:07 IST" skipped="0">
  <testcase classname="tests.TestExtentReport" name="test1" time="0.010"/>
  <system-out/>
  <testcase classname="tests.TestExtentReport" name="test1" time="0.001"/>
  <system-out/>
  <testcase classname="tests.TestExtentReport" name="test2" time="0.001"/>
  <system-out/>
</testsuite> <!-- tests.TestExtentReport -->
