<?xml version="1.0" encoding="UTF-8"?>
<!-- Generated by org.testng.reporters.JUnitReportReporter -->
<testsuite hostname="LAPTOP-IKEOPR74" failures="0" tests="12" name="tests.TestDataCheck" time="0.011" errors="0" timestamp="2022-04-23T22:00:32 IST" skipped="0">
  <testcase classname="tests.TestDataCheck" name="f" time="0.000"/>
  <system-out/>
  <testcase classname="tests.TestDataCheck" name="f" time="0.001"/>
  <system-out/>
  <testcase classname="tests.TestDataCheck" name="f" time="0.000"/>
  <system-out/>
  <testcase classname="tests.TestDataCheck" name="f" time="0.000"/>
  <system-out/>
  <testcase classname="tests.TestDataCheck" name="f" time="0.001"/>
  <system-out/>
  <testcase classname="tests.TestDataCheck" name="f" time="0.001"/>
  <system-out/>
  <testcase classname="tests.TestDataCheck" name="f" time="0.000"/>
  <system-out/>
  <testcase classname="tests.TestDataCheck" name="f" time="0.001"/>
  <system-out/>
  <testcase classname="tests.TestDataCheck" name="f" time="0.001"/>
  <system-out/>
  <testcase classname="tests.TestDataCheck" name="f" time="0.001"/>
  <system-out/>
  <testcase classname="tests.TestDataCheck" name="f" time="0.005"/>
  <system-out/>
  <testcase classname="tests.TestDataCheck" name="f" time="0.000"/>
  <system-out/>
</testsuite> <!-- tests.TestDataCheck -->
