<?xml version="1.0" encoding="UTF-8"?>
<!-- Generated by org.testng.reporters.JUnitReportReporter -->
<testsuite hostname="LAPTOP-IKEOPR74" failures="0" tests="33" name="tests.Test_Login" time="145.675" errors="0" timestamp="2022-04-24T15:24:26 IST" skipped="2">
  <testcase classname="tests.Test_Login" name="test_pageDetails" time="4.433"/>
  <system-out>
    <![CDATA[Check the title of the page
Check the url of the page]]>
  </system-out>
  <testcase classname="tests.Test_Login" name="test_blankUserId" time="2.948"/>
  <system-out>
    <![CDATA[Keep User ID blank

Enter the Password

Enter the Captcha

Click login

Check results
]]>
  </system-out>
  <testcase classname="tests.Test_Login" name="test_blankUserId" time="5.100"/>
  <system-out>
    <![CDATA[Keep User ID blank

Enter the Password

Enter the Captcha

Click login

Check results
]]>
  </system-out>
  <testcase classname="tests.Test_Login" name="test_blankUserId" time="2.888"/>
  <system-out>
    <![CDATA[Keep User ID blank

Enter the Password

Enter the Captcha

Click login

Check results
]]>
  </system-out>
  <testcase classname="tests.Test_Login" name="test_blankUserId" time="5.006"/>
  <system-out>
    <![CDATA[Keep User ID blank

Enter the Password

Enter the Captcha

Click login

Check results
]]>
  </system-out>
  <testcase classname="tests.Test_Login" name="test_blankUserId" time="4.824"/>
  <system-out>
    <![CDATA[Keep User ID blank

Enter the Password

Enter the Captcha

Click login

Check results
]]>
  </system-out>
  <testcase classname="tests.Test_Login" name="test_blankUserId" time="2.953"/>
  <system-out>
    <![CDATA[Keep User ID blank

Enter the Password

Enter the Captcha

Click login

Check results
]]>
  </system-out>
  <testcase classname="tests.Test_Login" name="test_blankPassword" time="2.862"/>
  <system-out/>
  <testcase classname="tests.Test_Login" name="test_blankPassword" time="4.624"/>
  <system-out/>
  <testcase classname="tests.Test_Login" name="test_blankPassword" time="5.193"/>
  <system-out/>
  <testcase classname="tests.Test_Login" name="test_blankPassword" time="3.168"/>
  <system-out/>
  <testcase classname="tests.Test_Login" name="test_blankPassword" time="5.008"/>
  <system-out/>
  <testcase classname="tests.Test_Login" name="test_blankPassword" time="2.925"/>
  <system-out/>
  <testcase classname="tests.Test_Login" name="test_blankCaptcha" time="2.916"/>
  <system-out/>
  <testcase classname="tests.Test_Login" name="test_blankCaptcha" time="5.238"/>
  <system-out/>
  <testcase classname="tests.Test_Login" name="test_blankCaptcha" time="3.098"/>
  <system-out/>
  <testcase classname="tests.Test_Login" name="test_blankCaptcha" time="2.665"/>
  <system-out/>
  <testcase classname="tests.Test_Login" name="test_blankCaptcha" time="5.164"/>
  <system-out/>
  <testcase classname="tests.Test_Login" name="test_blankCaptcha" time="5.076"/>
  <system-out/>
  <testcase classname="tests.Test_Login" name="test_invalidCaptcha" time="2.677"/>
  <system-out/>
  <testcase classname="tests.Test_Login" name="test_invalidCaptcha" time="2.858"/>
  <system-out/>
  <testcase classname="tests.Test_Login" name="test_invalidCaptcha" time="5.857"/>
  <system-out/>
  <testcase classname="tests.Test_Login" name="test_invalidCaptcha" time="2.830"/>
  <system-out/>
  <testcase classname="tests.Test_Login" name="test_invalidCaptcha" time="5.873"/>
  <system-out/>
  <testcase classname="tests.Test_Login" name="test_invalidCaptcha" time="5.277"/>
  <system-out/>
  <testcase classname="tests.Test_Login" name="test_invalidCaptchaCode" time="8.151"/>
  <system-out/>
  <testcase classname="tests.Test_Login" name="test_invalidCaptchaCode" time="8.153"/>
  <system-out/>
  <testcase classname="tests.Test_Login" name="test_invalidCaptchaCode" time="6.163"/>
  <system-out/>
  <testcase classname="tests.Test_Login" name="test_invalidCaptchaCode" time="7.148"/>
  <system-out/>
  <testcase classname="tests.Test_Login" name="test_invalidCaptchaCode" time="6.271"/>
  <system-out/>
  <testcase classname="tests.Test_Login" name="test_invalidCaptchaCode" time="8.328"/>
  <system-out/>
  <testcase classname="tests.Test_Login" name="test_equalArray">
    <skipped/>
  </testcase> <!-- test_equalArray -->
  <system-out/>
  <testcase classname="tests.Test_Login" name="test_equalArray">
    <skipped/>
  </testcase> <!-- test_equalArray -->
  <system-out/>
</testsuite> <!-- tests.Test_Login -->
