<?xml version="1.0" encoding="UTF-8"?>
<!-- Generated by org.testng.reporters.JUnitReportReporter -->
<testsuite hostname="LAPTOP-IKEOPR74" failures="0" tests="4" name="tests.Test_Login" time="32.092" errors="0" timestamp="2022-04-28T21:35:33 IST" skipped="1">
  <testcase classname="tests.Test_Login" name="test_invalidCaptchaCode" time="12.268"/>
  <system-out/>
  <testcase classname="tests.Test_Login" name="test_invalidCaptchaCode" time="6.798"/>
  <system-out/>
  <testcase classname="tests.Test_Login" name="test_invalidCaptchaCode" time="13.026"/>
  <system-out/>
  <testcase classname="tests.Test_Login" name="test_equalArray">
    <skipped/>
  </testcase> <!-- test_equalArray -->
  <system-out/>
</testsuite> <!-- tests.Test_Login -->
