<?xml version="1.0" encoding="UTF-8"?>
<!-- Generated by org.testng.reporters.JUnitReportReporter -->
<testsuite hostname="LAPTOP-IKEOPR74" failures="0" tests="3" name="tests.TestExtentReport" time="0.026" errors="0" timestamp="2022-04-30T00:01:12 IST" skipped="0">
  <testcase classname="tests.TestExtentReport" name="test1" time="0.016"/>
  <system-out/>
  <testcase classname="tests.TestExtentReport" name="test1" time="0.006"/>
  <system-out/>
  <testcase classname="tests.TestExtentReport" name="test2" time="0.004"/>
  <system-out/>
</testsuite> <!-- tests.TestExtentReport -->
