<?xml version="1.0" encoding="UTF-8"?>
<!-- Generated by org.testng.reporters.JUnitReportReporter -->
<testsuite hostname="LAPTOP-IKEOPR74" failures="0" tests="17" name="tests.Test_Login" time="116.072" errors="0" timestamp="2022-04-28T21:54:36 IST" skipped="1">
  <testcase classname="tests.Test_Login" name="test_pageDetails" time="5.909"/>
  <system-out>
    <![CDATA[Check the title of the page
Check the url of the page]]>
  </system-out>
  <testcase classname="tests.Test_Login" name="test_blankUserId" time="6.296"/>
  <system-out/>
  <testcase classname="tests.Test_Login" name="test_blankUserId" time="6.323"/>
  <system-out/>
  <testcase classname="tests.Test_Login" name="test_blankUserId" time="9.404"/>
  <system-out/>
  <testcase classname="tests.Test_Login" name="test_blankPassword" time="6.659"/>
  <system-out/>
  <testcase classname="tests.Test_Login" name="test_blankPassword" time="6.376"/>
  <system-out/>
  <testcase classname="tests.Test_Login" name="test_blankPassword" time="6.254"/>
  <system-out/>
  <testcase classname="tests.Test_Login" name="test_blankCaptcha" time="6.359"/>
  <system-out/>
  <testcase classname="tests.Test_Login" name="test_blankCaptcha" time="6.577"/>
  <system-out/>
  <testcase classname="tests.Test_Login" name="test_blankCaptcha" time="6.022"/>
  <system-out/>
  <testcase classname="tests.Test_Login" name="test_invalidCaptcha" time="6.634"/>
  <system-out/>
  <testcase classname="tests.Test_Login" name="test_invalidCaptcha" time="7.012"/>
  <system-out/>
  <testcase classname="tests.Test_Login" name="test_invalidCaptcha" time="7.095"/>
  <system-out/>
  <testcase classname="tests.Test_Login" name="test_invalidCaptchaCode" time="9.633"/>
  <system-out/>
  <testcase classname="tests.Test_Login" name="test_invalidCaptchaCode" time="10.044"/>
  <system-out/>
  <testcase classname="tests.Test_Login" name="test_invalidCaptchaCode" time="9.475"/>
  <system-out/>
  <testcase classname="tests.Test_Login" name="test_equalArray">
    <skipped/>
  </testcase> <!-- test_equalArray -->
  <system-out/>
</testsuite> <!-- tests.Test_Login -->
